<?xml version="1.0" encoding="UTF-8"?>
<!-- Generated by org.testng.reporters.JUnitXMLReporter -->
<testsuite hostname="DESKTOP-7PGM774" name="Default test" tests="3" failures="0" timestamp="1 Jul 2018 01:14:10 GMT" time="15.914" errors="0">
  <testcase name="getUrl" time="1.733" classname="com.testcases.LoginTest"/>
  <testcase name="login" time="5.425" classname="com.testcases.LoginTest"/>
  <testcase name="logout" time="1.95" classname="com.testcases.LoginTest"/>
</testsuite> <!-- Default test -->
