<?xml version="1.0" encoding="UTF-8"?>
<testng-results skipped="0" failed="0" total="3" passed="3">
  <reporter-output>
  </reporter-output>
  <suite name="com.testcases.LoginTest" duration-ms="42667" started-at="2018-07-01T14:41:53Z" finished-at="2018-07-01T14:42:36Z">
    <groups>
    </groups>
    <test name="Command line test" duration-ms="42667" started-at="2018-07-01T14:41:53Z" finished-at="2018-07-01T14:42:36Z">
      <class name="com.testcases.LoginTest">
        <test-method status="PASS" signature="openBrowser()[pri:0, instance:com.testcases.LoginTest@3fd7a715]" name="openBrowser" is-config="true" duration-ms="6058" started-at="2018-07-01T20:11:53Z" finished-at="2018-07-01T20:11:59Z">
          <reporter-output>
          </reporter-output>
        </test-method> <!-- openBrowser -->
        <test-method status="PASS" signature="getUrl()[pri:0, instance:com.testcases.LoginTest@3fd7a715]" name="getUrl" duration-ms="7072" started-at="2018-07-01T20:11:59Z" finished-at="2018-07-01T20:12:06Z">
          <reporter-output>
          </reporter-output>
        </test-method> <!-- getUrl -->
        <test-method status="PASS" signature="login()[pri:0, instance:com.testcases.LoginTest@3fd7a715]" name="login" duration-ms="17329" started-at="2018-07-01T20:12:06Z" depends-on-methods="com.testcases.LoginTest.getUrl" finished-at="2018-07-01T20:12:24Z">
          <reporter-output>
          </reporter-output>
        </test-method> <!-- login -->
        <test-method status="PASS" signature="logout()[pri:0, instance:com.testcases.LoginTest@3fd7a715]" name="logout" duration-ms="11213" started-at="2018-07-01T20:12:24Z" depends-on-methods="com.testcases.LoginTest.getUrl, com.testcases.LoginTest.login" finished-at="2018-07-01T20:12:35Z">
          <reporter-output>
          </reporter-output>
        </test-method> <!-- logout -->
        <test-method status="PASS" signature="tearDown()[pri:0, instance:com.testcases.LoginTest@3fd7a715]" name="tearDown" is-config="true" duration-ms="983" started-at="2018-07-01T20:12:35Z" finished-at="2018-07-01T20:12:36Z">
          <reporter-output>
          </reporter-output>
        </test-method> <!-- tearDown -->
      </class> <!-- com.testcases.LoginTest -->
    </test> <!-- Command line test -->
  </suite> <!-- com.testcases.LoginTest -->
</testng-results>
